<?xml version="1.0" encoding="UTF-8"?>
<!-- Generated by org.testng.reporters.JUnitReportReporter -->
<testsuite hostname="DESKTOP-S9FETG5" failures="0" tests="3" name="TestNGFramewok2.ParameterizationTestng" time="16.562" errors="0" timestamp="2024-04-09T15:17:48 GMT-04:00" skipped="0">
  <testcase classname="TestNGFramewok2.ParameterizationTestng" name="Pclassthree" time="5.411"/>
  <testcase classname="TestNGFramewok2.ParameterizationTestng" name="Pclasstwo" time="5.069"/>
  <testcase classname="TestNGFramewok2.ParameterizationTestng" name="Pclassone" time="6.082"/>
</testsuite> <!-- TestNGFramewok2.ParameterizationTestng -->
