<?xml version="1.0" encoding="UTF-8"?>
<!-- Generated by org.testng.reporters.JUnitReportReporter -->
<testsuite hostname="DESKTOP-S9FETG5" failures="0" tests="1" name="com.ultralesson.eventplanner.test.ListenerTest" time="0.014" errors="0" timestamp="2024-05-16T01:43:38 GMT-04:00" skipped="0">
  <testcase classname="com.ultralesson.eventplanner.test.ListenerTest" name="test" time="0.014"/>
</testsuite> <!-- com.ultralesson.eventplanner.test.ListenerTest -->
