<?xml version="1.0" encoding="UTF-8"?>
<!-- Generated by org.testng.reporters.JUnitReportReporter -->
<testsuite hostname="DESKTOP-S9FETG5" failures="0" tests="3" name="TestNGFramewok.TestngPriority" time="0.006" errors="0" timestamp="2024-05-24T09:58:05 GMT-04:00" skipped="0">
  <testcase classname="TestNGFramewok.TestngPriority" name="Registration" time="0.002"/>
  <testcase classname="TestNGFramewok.TestngPriority" name="Login" time="0.002"/>
  <testcase classname="TestNGFramewok.TestngPriority" name="Homepage" time="0.002"/>
</testsuite> <!-- TestNGFramewok.TestngPriority -->
