<?xml version="1.0" encoding="UTF-8"?>
<!-- Generated by org.testng.reporters.JUnitReportReporter -->
<testsuite hostname="DESKTOP-S9FETG5" failures="0" tests="11" name="com.ultralesson.eventplanner.test.ParameterTest" time="0.153" errors="0" timestamp="2024-05-24T09:58:05 GMT-04:00" skipped="0">
  <testcase classname="com.ultralesson.eventplanner.test.ParameterTest" name="secondTest" time="0.002"/>
  <testcase classname="com.ultralesson.eventplanner.test.ParameterTest" name="testDataProvider" time="0.011"/>
  <testcase classname="com.ultralesson.eventplanner.test.ParameterTest" name="testDataProvider" time="0.053"/>
  <testcase classname="com.ultralesson.eventplanner.test.ParameterTest" name="testDataProvider" time="0.007"/>
  <testcase classname="com.ultralesson.eventplanner.test.ParameterTest" name="testDataProvider" time="0.016"/>
  <testcase classname="com.ultralesson.eventplanner.test.ParameterTest" name="testDataProvider" time="0.003"/>
  <testcase classname="com.ultralesson.eventplanner.test.ParameterTest" name="testGroup1" time="0.002"/>
  <testcase classname="com.ultralesson.eventplanner.test.ParameterTest" name="testGroup2" time="0.008"/>
  <testcase classname="com.ultralesson.eventplanner.test.ParameterTest" name="comparison" time="0.040"/>
  <testcase classname="com.ultralesson.eventplanner.test.ParameterTest" name="test" time="0.006"/>
  <testcase classname="com.ultralesson.eventplanner.test.ParameterTest" name="firstTest" time="0.005"/>
</testsuite> <!-- com.ultralesson.eventplanner.test.ParameterTest -->
