<?xml version="1.0" encoding="UTF-8"?>
<!-- Generated by org.testng.reporters.JUnitReportReporter -->
<testsuite hostname="DESKTOP-S9FETG5" failures="0" tests="1" name="POMModel.LoginTest" time="7.810" errors="0" timestamp="2024-05-12T06:45:45 GMT-04:00" skipped="0">
  <testcase classname="POMModel.LoginTest" name="login" time="7.810"/>
</testsuite> <!-- POMModel.LoginTest -->
