<?xml version="1.0" encoding="UTF-8"?>
<!-- Generated by org.testng.reporters.JUnitReportReporter -->
<testsuite hostname="DESKTOP-S9FETG5" failures="0" tests="5" name="TestNGFramewok.DataproviderTesstNG" time="0.018" errors="0" timestamp="2024-05-24T09:58:05 GMT-04:00" skipped="0">
  <testcase classname="TestNGFramewok.DataproviderTesstNG" name="login" time="0.008"/>
  <testcase classname="TestNGFramewok.DataproviderTesstNG" name="login" time="0.002"/>
  <testcase classname="TestNGFramewok.DataproviderTesstNG" name="login" time="0.001"/>
  <testcase classname="TestNGFramewok.DataproviderTesstNG" name="login" time="0.002"/>
  <testcase classname="TestNGFramewok.DataproviderTesstNG" name="login" time="0.005"/>
</testsuite> <!-- TestNGFramewok.DataproviderTesstNG -->
