<?xml version="1.0" encoding="UTF-8"?>
<!-- Generated by org.testng.reporters.JUnitReportReporter -->
<testsuite hostname="DESKTOP-S9FETG5" failures="0" tests="5" name="TestNGFramewok.Classannotation" time="3.080" errors="0" timestamp="2024-05-24T09:58:05 GMT-04:00" skipped="1">
  <testcase classname="TestNGFramewok.Classannotation" name="mars" time="0.002"/>
  <testcase classname="TestNGFramewok.Classannotation" name="messho" time="0.005"/>
  <testcase classname="TestNGFramewok.Classannotation" name="yar" time="0.001"/>
  <testcase classname="TestNGFramewok.Classannotation" name="flipkart" time="3.072"/>
  <testcase classname="TestNGFramewok.Classannotation" name="clinic">
    <skipped/>
  </testcase> <!-- clinic -->
</testsuite> <!-- TestNGFramewok.Classannotation -->
