<?xml version="1.0" encoding="UTF-8"?>
<!-- Generated by org.testng.reporters.JUnitReportReporter -->
<testsuite hostname="DESKTOP-S9FETG5" failures="0" tests="1" name="Maven_Framework.MavenTest" time="33.148" errors="0" timestamp="2024-05-24T09:58:05 GMT-04:00" skipped="0">
  <testcase classname="Maven_Framework.MavenTest" name="mvn" time="33.148"/>
</testsuite> <!-- Maven_Framework.MavenTest -->
