<?xml version="1.0" encoding="UTF-8"?>
<!-- Generated by org.testng.reporters.JUnitReportReporter -->
<testsuite hostname="DESKTOP-S9FETG5" failures="0" tests="1" name="LiveProjects.TestFour" time="27.026" errors="0" timestamp="2024-06-09T02:01:39 GMT-04:00" skipped="0">
  <testcase classname="LiveProjects.TestFour" name="Four" time="27.026"/>
</testsuite> <!-- LiveProjects.TestFour -->
