<?xml version="1.0" encoding="UTF-8"?>
<!-- Generated by org.testng.reporters.JUnitReportReporter -->
<testsuite hostname="DESKTOP-S9FETG5" failures="0" tests="3" name="TestNGFramewok2.Classone" time="0.116" errors="0" timestamp="2024-05-24T09:58:05 GMT-04:00" skipped="0">
  <testcase classname="TestNGFramewok2.Classone" name="classoneThree" time="0.071"/>
  <testcase classname="TestNGFramewok2.Classone" name="classoneone" time="0.044"/>
  <testcase classname="TestNGFramewok2.Classone" name="classonetwo" time="0.001"/>
</testsuite> <!-- TestNGFramewok2.Classone -->
