<?xml version="1.0" encoding="UTF-8"?>
<!-- Generated by org.testng.reporters.JUnitReportReporter -->
<testsuite hostname="DESKTOP-S9FETG5" failures="0" tests="1" name="POMModel.PagefactoryTest" time="7.087" errors="0" timestamp="2024-05-12T07:48:06 GMT-04:00" skipped="0">
  <testcase classname="POMModel.PagefactoryTest" name="factory" time="7.087"/>
</testsuite> <!-- POMModel.PagefactoryTest -->
