<?xml version="1.0" encoding="UTF-8"?>
<!-- Generated by org.testng.reporters.JUnitReportReporter -->
<testsuite hostname="DESKTOP-S9FETG5" failures="0" tests="1" name="TestNGFramewok2.ClassThree" time="0.003" errors="0" timestamp="2024-05-24T09:58:05 GMT-04:00" skipped="0">
  <testcase classname="TestNGFramewok2.ClassThree" name="classthree" time="0.003"/>
</testsuite> <!-- TestNGFramewok2.ClassThree -->
