<?xml version="1.0" encoding="UTF-8"?>
<!-- Generated by org.testng.reporters.JUnitReportReporter -->
<testsuite hostname="DESKTOP-S9FETG5" failures="0" tests="2" name="LiveProjects.LoginTest" time="44.368" errors="0" timestamp="2024-06-09T02:01:39 GMT-04:00" skipped="0">
  <testcase classname="LiveProjects.LoginTest" name="login" time="27.828"/>
  <testcase classname="LiveProjects.LoginTest" name="login" time="16.540"/>
</testsuite> <!-- LiveProjects.LoginTest -->
