<?xml version="1.0" encoding="UTF-8"?>
<!-- Generated by org.testng.reporters.JUnitReportReporter -->
<testsuite hostname="DESKTOP-S9FETG5" failures="0" tests="1" name="LiveProjectSelenium.LoginTest" time="9.991" errors="0" timestamp="2024-06-02T15:44:18 GMT-04:00" skipped="0">
  <testcase classname="LiveProjectSelenium.LoginTest" name="login" time="9.991"/>
</testsuite> <!-- LiveProjectSelenium.LoginTest -->
