<?xml version="1.0" encoding="UTF-8"?>
<!-- Generated by org.testng.reporters.JUnitReportReporter -->
<testsuite hostname="DESKTOP-S9FETG5" failures="0" tests="1" name="Maven_Framework.MavenTest" time="79.018" errors="0" timestamp="2024-05-08T13:55:23 GMT-04:00" skipped="0">
  <testcase classname="Maven_Framework.MavenTest" name="mvn" time="79.018"/>
</testsuite> <!-- Maven_Framework.MavenTest -->
