<?xml version="1.0" encoding="UTF-8"?>
<!-- Generated by org.testng.reporters.JUnitReportReporter -->
<testsuite hostname="DESKTOP-S9FETG5" failures="0" tests="1" name="Cucumberpckg.TestNGRunner" time="7.982" errors="0" timestamp="2024-06-01T01:46:16 GMT-04:00" skipped="0">
  <testcase classname="Cucumberpckg.TestNGRunner" name="runScenario" time="7.982"/>
</testsuite> <!-- Cucumberpckg.TestNGRunner -->
